<?xml version="1.0" encoding="UTF-8"?>
<!-- Generated by org.testng.reporters.JUnitReportReporter -->
<testsuite hostname="LAPTOP-1I0UICJP" failures="0" tests="1" name="com.qa.api.testcases.POST_User_Scenario6_Validate_lengthOfFields" time="1.833" errors="0" timestamp="2022-05-12T22:06:08 PDT" skipped="0">
  <testcase classname="com.qa.api.testcases.POST_User_Scenario6_Validate_lengthOfFields" name="postWithValidData" time="1.833"/>
  <system-out/>
</testsuite> <!-- com.qa.api.testcases.POST_User_Scenario6_Validate_lengthOfFields -->
