<?xml version="1.0" encoding="UTF-8"?>
<!-- Generated by org.testng.reporters.JUnitReportReporter -->
<testsuite hostname="LAPTOP-1I0UICJP" failures="0" tests="8" name="com.qa.api.testcases.POST_User_Scenario8_DataDrivenTesting" time="0.015" errors="0" timestamp="2022-05-16T22:52:39 PDT" skipped="1">
  <testcase classname="com.qa.api.testcases.POST_User_Scenario8_DataDrivenTesting" name="dataValidation" time="0.008"/>
  <system-out/>
  <testcase classname="com.qa.api.testcases.POST_User_Scenario8_DataDrivenTesting" name="respCodeValidation" time="0.001"/>
  <system-out/>
  <testcase classname="com.qa.api.testcases.POST_User_Scenario8_DataDrivenTesting" name="lengthOfParametersValidation" time="0.001"/>
  <system-out/>
  <testcase classname="com.qa.api.testcases.POST_User_Scenario8_DataDrivenTesting" name="idNotNull" time="0.001"/>
  <system-out/>
  <testcase classname="com.qa.api.testcases.POST_User_Scenario8_DataDrivenTesting" name="reasonPhraseValidation" time="0.002"/>
  <system-out/>
  <testcase classname="com.qa.api.testcases.POST_User_Scenario8_DataDrivenTesting" name="headerValidation" time="0.001"/>
  <system-out/>
  <testcase classname="com.qa.api.testcases.POST_User_Scenario8_DataDrivenTesting" name="respPayloadNotNull" time="0.001"/>
  <system-out/>
  <testcase classname="com.qa.api.testcases.POST_User_Scenario8_DataDrivenTesting" name="schemaValidation">
    <skipped/>
  </testcase> <!-- schemaValidation -->
  <system-out/>
</testsuite> <!-- com.qa.api.testcases.POST_User_Scenario8_DataDrivenTesting -->
