<?xml version="1.0" encoding="UTF-8"?>
<!-- Generated by org.testng.reporters.JUnitReportReporter -->
<testsuite hostname="LAPTOP-1I0UICJP" failures="0" tests="1" name="com.qa.api.testcases.POST_User_Scenario3_UnAuthorizedUser" time="2.000" errors="0" timestamp="2022-05-12T22:43:40 PDT" skipped="0">
  <testcase classname="com.qa.api.testcases.POST_User_Scenario3_UnAuthorizedUser" name="postWithValidData" time="2.000"/>
  <system-out/>
</testsuite> <!-- com.qa.api.testcases.POST_User_Scenario3_UnAuthorizedUser -->
