<?xml version="1.0" encoding="UTF-8"?>
<!-- Generated by org.testng.reporters.JUnitReportReporter -->
<testsuite hostname="LAPTOP-1I0UICJP" failures="0" tests="1" name="com.qa.api.testcases.POST_User_Scenario15_Invalid_Headers" time="1.662" errors="0" timestamp="2022-05-13T16:41:37 PDT" skipped="0">
  <testcase classname="com.qa.api.testcases.POST_User_Scenario15_Invalid_Headers" name="postWithValidData" time="1.662"/>
  <system-out/>
</testsuite> <!-- com.qa.api.testcases.POST_User_Scenario15_Invalid_Headers -->
