<?xml version="1.0" encoding="UTF-8"?>
<!-- Generated by org.testng.reporters.JUnitReportReporter -->
<testsuite hostname="LAPTOP-1I0UICJP" failures="0" tests="1" name="com.qa.api.testcases.POST_User_Scenario11_InvalidUrl" time="1.422" errors="0" timestamp="2022-05-13T06:31:40 PDT" skipped="0">
  <testcase classname="com.qa.api.testcases.POST_User_Scenario11_InvalidUrl" name="postWithValidData" time="1.422"/>
  <system-out/>
</testsuite> <!-- com.qa.api.testcases.POST_User_Scenario11_InvalidUrl -->
