<?xml version="1.0" encoding="UTF-8"?>
<!-- Generated by org.testng.reporters.JUnitReportReporter -->
<testsuite hostname="LAPTOP-1I0UICJP" failures="0" tests="9" name="com.qa.api.testcases.POST" time="0.093" errors="0" timestamp="2022-05-17T11:14:50 PDT" skipped="0">
  <testcase classname="com.qa.api.testcases.POST" name="dataValidation" time="0.010"/>
  <system-out/>
  <testcase classname="com.qa.api.testcases.POST" name="reasonPhraseValidation" time="0.002"/>
  <system-out/>
  <testcase classname="com.qa.api.testcases.POST" name="respPayloadNotNull" time="0.001"/>
  <system-out/>
  <testcase classname="com.qa.api.testcases.POST" name="idNotNull" time="0.002"/>
  <system-out/>
  <testcase classname="com.qa.api.testcases.POST" name="headerValidation" time="0.001"/>
  <system-out/>
  <testcase classname="com.qa.api.testcases.POST" name="lengthOfParametersValidation" time="0.002"/>
  <system-out/>
  <testcase classname="com.qa.api.testcases.POST" name="schemaValidation" time="0.071"/>
  <system-out/>
  <testcase classname="com.qa.api.testcases.POST" name="headerCountValidation" time="0.002"/>
  <system-out/>
  <testcase classname="com.qa.api.testcases.POST" name="respCodeValidation" time="0.002"/>
  <system-out/>
</testsuite> <!-- com.qa.api.testcases.POST -->
