<?xml version="1.0" encoding="UTF-8"?>
<!-- Generated by org.testng.reporters.JUnitReportReporter -->
<testsuite hostname="LAPTOP-1I0UICJP" failures="0" tests="11" name="com.qa.api.testcases.POST" time="0.059" errors="0" timestamp="2022-05-17T15:56:25 PDT" skipped="2">
  <testcase classname="com.qa.api.testcases.POST" name="headerCountValidation" time="0.002"/>
  <system-out/>
  <testcase classname="com.qa.api.testcases.POST" name="idNotNull" time="0.002"/>
  <system-out/>
  <testcase classname="com.qa.api.testcases.POST" name="schemaValidation" time="0.046"/>
  <system-out/>
  <testcase classname="com.qa.api.testcases.POST" name="dataValidation" time="0.004"/>
  <system-out/>
  <testcase classname="com.qa.api.testcases.POST" name="lengthOfParametersValidation" time="0.001"/>
  <system-out/>
  <testcase classname="com.qa.api.testcases.POST" name="dataDrivenTesting" time="0.000">
    <skipped/>
  </testcase> <!-- dataDrivenTesting -->
  <system-out/>
  <testcase classname="com.qa.api.testcases.POST" name="headerValidation" time="0.001"/>
  <system-out/>
  <testcase classname="com.qa.api.testcases.POST" name="respPayloadNotNull" time="0.001"/>
  <system-out/>
  <testcase classname="com.qa.api.testcases.POST" name="reasonPhraseValidation" time="0.001"/>
  <system-out/>
  <testcase classname="com.qa.api.testcases.POST" name="respCodeValidation" time="0.001"/>
  <system-out/>
  <testcase classname="com.qa.api.testcases.POST" name="sortDataByFirstName">
    <skipped/>
  </testcase> <!-- sortDataByFirstName -->
  <system-out/>
</testsuite> <!-- com.qa.api.testcases.POST -->
