<?xml version="1.0" encoding="UTF-8"?>
<!-- Generated by org.testng.reporters.JUnitReportReporter -->
<testsuite hostname="LAPTOP-1I0UICJP" failures="0" tests="1" name="com.qa.api.testcases.POST_User_Scenario14_ValidData_CaseSensitivity_OfFields" time="1.425" errors="0" timestamp="2022-05-13T09:24:41 PDT" skipped="0">
  <testcase classname="com.qa.api.testcases.POST_User_Scenario14_ValidData_CaseSensitivity_OfFields" name="postWithValidData" time="1.425"/>
  <system-out/>
</testsuite> <!-- com.qa.api.testcases.POST_User_Scenario14_ValidData_CaseSensitivity_OfFields -->
