<?xml version="1.0" encoding="UTF-8"?>
<!-- Generated by org.testng.reporters.JUnitReportReporter -->
<testsuite hostname="LAPTOP-1I0UICJP" failures="0" tests="3" name="com.qa.api.testcases.POST_User_Scenario8_DataDrivenTesting" time="3.597" errors="0" timestamp="2022-05-17T23:30:35 PDT" skipped="0">
  <testcase classname="com.qa.api.testcases.POST_User_Scenario8_DataDrivenTesting" name="dataDrivenTesting" time="1.619"/>
  <system-out/>
  <testcase classname="com.qa.api.testcases.POST_User_Scenario8_DataDrivenTesting" name="dataDrivenTesting" time="1.015"/>
  <system-out/>
  <testcase classname="com.qa.api.testcases.POST_User_Scenario8_DataDrivenTesting" name="dataDrivenTesting" time="0.963"/>
  <system-out/>
</testsuite> <!-- com.qa.api.testcases.POST_User_Scenario8_DataDrivenTesting -->
