<?xml version="1.0" encoding="UTF-8"?>
<!-- Generated by org.testng.reporters.JUnitReportReporter -->
<testsuite hostname="LAPTOP-1I0UICJP" failures="0" tests="1" name="com.qa.api.testcases.POST_User_Scenario10_SameEmailID" time="1.979" errors="0" timestamp="2022-05-12T22:42:37 PDT" skipped="0">
  <testcase classname="com.qa.api.testcases.POST_User_Scenario10_SameEmailID" name="postWithSameEmailID" time="1.979"/>
  <system-out/>
</testsuite> <!-- com.qa.api.testcases.POST_User_Scenario10_SameEmailID -->
